Arguments: 
  /home/zinza/.nvm/versions/node/v18.7.0/bin/node /usr/share/yarn/bin/yarn.js add lodash

PATH: 
  /usr/share/rvm/gems/ruby-3.0.2/bin:/usr/share/rvm/gems/ruby-3.0.2@global/bin:/usr/share/rvm/rubies/ruby-3.0.2/bin:/usr/share/rvm/bin:/home/zinza/.nvm/versions/node/v18.7.0/bin:/usr/local/sbin:/usr/local/bin:/usr/sbin:/usr/bin:/sbin:/bin:/usr/games:/usr/local/games:/snap/bin

Yarn version: 
  1.22.19

Node version: 
  18.7.0

Platform: 
  linux x64

Trace: 
  SyntaxError: /home/zinza/Projects/mine/bookstore/package.json: Unexpected end of JSON input
      at JSON.parse (<anonymous>)
      at /usr/share/yarn/lib/cli.js:1629:59
      at Generator.next (<anonymous>)
      at step (/usr/share/yarn/lib/cli.js:310:30)
      at /usr/share/yarn/lib/cli.js:321:13

npm manifest: 
  

yarn manifest: 
  No manifest

Lockfile: 
  # THIS IS AN AUTOGENERATED FILE. DO NOT EDIT THIS FILE DIRECTLY.
  # yarn lockfile v1
